<?xml version="1.0" encoding="UTF-8"?>
<testng-results ignored="0" total="1" passed="1" failed="0" skipped="0">
  <reporter-output>
  </reporter-output>
  <suite started-at="2022-05-10T20:23:41 IST" name="Default suite" finished-at="2022-05-10T20:26:47 IST" duration-ms="186555">
    <groups>
    </groups>
    <test started-at="2022-05-10T20:23:41 IST" name="Default test" finished-at="2022-05-10T20:26:47 IST" duration-ms="186555">
      <class name="TestSuite.AllTest">
        <test-method signature="testing()[pri:0, instance:TestSuite.AllTest@74751b3]" started-at="2022-05-10T20:23:41 IST" name="testing" finished-at="2022-05-10T20:26:47 IST" duration-ms="186493" status="PASS">
          <reporter-output>
          </reporter-output>
        </test-method> <!-- testing -->
      </class> <!-- TestSuite.AllTest -->
    </test> <!-- Default test -->
  </suite> <!-- Default suite -->
</testng-results>
